<?xml version="1.0" encoding="utf-8"?><testsuites><testsuite name="pytest" errors="0" failures="0" skipped="0" tests="38" time="0.060" timestamp="2024-11-14T09:54:40.239779+07:00" hostname="DESKTOP-U8J2HT3"><testcase classname="test_calculations" name="test_multiply" time="0.001" /><testcase classname="test_calculations" name="test_divide" time="0.000" /><testcase classname="test_calculations" name="test_distance" time="0.000" /><testcase classname="test_calculations" name="test_quadratic_equation" time="0.000" /><testcase classname="test_calculations" name="test_geometric_sum" time="0.000" /><testcase classname="test_math_and_text.TestMathFunctions" name="test_multiply[2-3-6]" time="0.000" /><testcase classname="test_math_and_text.TestMathFunctions" name="test_multiply[-2-3--6]" time="0.001" /><testcase classname="test_math_and_text.TestMathFunctions" name="test_multiply[0-5-0]" time="0.001" /><testcase classname="test_math_and_text.TestMathFunctions" name="test_multiply[3-0-0]" time="0.000" /><testcase classname="test_math_and_text.TestMathFunctions" name="test_divide[6-3-2]" time="0.000" /><testcase classname="test_math_and_text.TestMathFunctions" name="test_divide[-6-3--2]" time="0.000" /><testcase classname="test_math_and_text.TestMathFunctions" name="test_divide[1-1-1]" time="0.000" /><testcase classname="test_math_and_text.TestMathFunctions" name="test_distance[0-0-3-4-5]" time="0.000" /><testcase classname="test_math_and_text.TestMathFunctions" name="test_distance[1-1-1-1-0]" time="0.001" /><testcase classname="test_math_and_text.TestMathFunctions" name="test_distance[-1--1-1-1-2.828]" time="0.000" /><testcase classname="test_math_and_text.TestMathFunctions" name="test_solve_quadratic[1--3-2-expected0]" time="0.001" /><testcase classname="test_math_and_text.TestMathFunctions" name="test_solve_quadratic[1--2-1-expected1]" time="0.001" /><testcase classname="test_math_and_text.TestMathFunctions" name="test_solve_quadratic[1-1-1-ValueError]" time="0.000" /><testcase classname="test_math_and_text.TestMathFunctions" name="test_geometric_sum[1-2-5-31]" time="0.000" /><testcase classname="test_math_and_text.TestMathFunctions" name="test_geometric_sum[1-0.5-5-1.9375]" time="0.000" /><testcase classname="test_math_and_text.TestMathFunctions" name="test_geometric_sum[1-1-5-5]" time="0.000" /><testcase classname="test_math_and_text.TestTextFunctions" name="test_count_words[Hello world-2]" time="0.000" /><testcase classname="test_math_and_text.TestTextFunctions" name="test_count_words[This is a test-4]" time="0.000" /><testcase classname="test_math_and_text.TestTextFunctions" name="test_count_words[-0]" time="0.001" /><testcase classname="test_math_and_text.TestTextFunctions" name="test_contains_substring[Hello world-world-True]" time="0.001" /><testcase classname="test_math_and_text.TestTextFunctions" name="test_contains_substring[This is a test-test-True]" time="0.001" /><testcase classname="test_math_and_text.TestTextFunctions" name="test_contains_substring[This is a test-hello-False]" time="0.000" /><testcase classname="test_math_and_text.TestTextFunctions" name="test_to_upper_case[hello-HELLO]" time="0.000" /><testcase classname="test_math_and_text.TestTextFunctions" name="test_to_upper_case[hello world-HELLO WORLD]" time="0.000" /><testcase classname="test_math_and_text.TestTextFunctions" name="test_to_upper_case[Test-TEST]" time="0.000" /><testcase classname="test_math_and_text.TestTextFunctions" name="test_contains_substring_from_file[test-True]" time="0.001" /><testcase classname="test_math_and_text.TestTextFunctions" name="test_contains_substring_from_file[hello-False]" time="0.001" /><testcase classname="test_math_and_text.TestTextFunctions" name="test_contains_substring_from_file[sample-True]" time="0.001" /><testcase classname="test_math_functions" name="test_multiply" time="0.000" /><testcase classname="test_math_functions" name="test_divide" time="0.000" /><testcase classname="test_math_functions" name="test_distance" time="0.000" /><testcase classname="test_math_functions" name="test_solve_quadratic" time="0.000" /><testcase classname="test_math_functions" name="test_geometric_sum" time="0.000" /></testsuite></testsuites>